* using log directory ‘/home/tomislav/Documents/git/eumap/eumap.Rcheck’
* using R version 4.0.2 (2020-06-22)
* using platform: x86_64-pc-linux-gnu (64-bit)
* using session charset: UTF-8
* using options ‘--no-manual --as-cran’
* checking for file ‘eumap/DESCRIPTION’ ... OK
* this is package ‘eumap’ version ‘0.0.4’
* package encoding: UTF-8
* checking package namespace information ... OK
* checking package dependencies ... OK
* checking if this is a source package ... OK
* checking if there is a namespace ... OK
* checking for executable files ... OK
* checking for hidden files and directories ... OK
* checking for portable file names ... OK
* checking for sufficient/correct file permissions ... OK
* checking whether package ‘eumap’ can be installed ... OK
* checking installed package size ... OK
* checking package directory ... OK
* checking for future file timestamps ... OK
* checking DESCRIPTION meta-information ... OK
* checking top-level files ... NOTE
Non-standard file/directory found at top level:
  ‘README.html’
* checking for left-over files ... OK
* checking index information ... OK
* checking package subdirectories ... OK
* checking R files for non-ASCII characters ... OK
* checking R files for syntax errors ... OK
* checking whether the package can be loaded ... OK
* checking whether the package can be loaded with stated dependencies ... OK
* checking whether the package can be unloaded cleanly ... OK
* checking whether the namespace can be loaded with stated dependencies ... OK
* checking whether the namespace can be unloaded cleanly ... OK
* checking loading without being on the library search path ... OK
* checking dependencies in R code ... OK
* checking S3 generic/method consistency ... OK
* checking replacement functions ... OK
* checking foreign function calls ... OK
* checking R code for possible problems ... OK
* checking Rd files ... OK
* checking Rd metadata ... OK
* checking Rd line widths ... OK
* checking Rd cross-references ... OK
* checking for missing documentation entries ... OK
* checking for code/documentation mismatches ... OK
* checking Rd \usage sections ... OK
* checking Rd contents ... OK
* checking for unstated dependencies in examples ... OK
* checking examples ... ERROR
Running examples in ‘eumap-Ex.R’ failed
The error most likely occurred in:

> base::assign(".ptime", proc.time(), pos = "CheckExEnv")
> ### Name: train_spm
> ### Title: Train a spatial prediction model, from a (spatial) matrix, using
> ###   ensemble machine learning,
> ### Aliases: train_spm
> 
> ### ** Examples
> 
> ## Meuse Demo
> library(sp)
> library(mlr3verse)
Loading required package: mlr3
Loading required package: mlr3filters
Loading required package: mlr3learners
Loading required package: mlr3pipelines
Loading required package: mlr3tuning
Loading required package: mlr3viz
Loading required package: paradox
> library(mlr3spatiotempcv)
> library(checkmate)
> library(future)
> library(scales)
> library(eumap)
> data(meuse)
> data(meuse.grid)
> df <- as.data.frame(meuse)
> df.grid <- as.data.frame(meuse.grid)
> df = na.omit(df[,])
> df.grid = na.omit(df.grid[,])
> smp_size <- floor(0.8 * nrow(df))
> set.seed(123)
> train_ind <- sample(seq_len(nrow(df)), size = smp_size)
> df.tr <- df[, c("x","y","dist","ffreq","soil","lead")]
> df.ts <- df.grid[, c("x","y","dist","ffreq","soil")]
> newdata = df.ts
> tr = train_spm(df.tr = df.tr, target.variable = "lead", folds = 2, n_evals = 2 )
Fitting an ensemble ML using kknn featureless, and ranger models ncores: 2 TRUE
Regression Task...TRUE
Error in .subset2(public_bind_env, "initialize")(...) : 
  unused argument (search_space = <environment>)
Calls: train_spm -> <Anonymous>
Execution halted
* checking for non-standard things in the check directory ... OK
* checking for detritus in the temp directory ... OK
* DONE
Status: 1 ERROR, 1 NOTE
